Analysis & Synthesis report for v2
Tue Jun 06 16:46:34 2017
Quartus Prime Version 16.1.0 Build 196 10/24/2016 SJ Lite Edition


---------------------
; Table of Contents ;
---------------------
  1. Legal Notice
  2. Analysis & Synthesis Summary
  3. Analysis & Synthesis Settings
  4. Parallel Compilation
  5. Analysis & Synthesis Source Files Read
  6. Analysis & Synthesis Resource Usage Summary
  7. Analysis & Synthesis Resource Utilization by Entity
  8. General Register Statistics
  9. Post-Synthesis Netlist Statistics for Top Partition
 10. Elapsed Time Per Partition
 11. Analysis & Synthesis Messages



----------------
; Legal Notice ;
----------------
Copyright (C) 2016  Intel Corporation. All rights reserved.
Your use of Intel Corporation's design tools, logic functions 
and other software and tools, and its AMPP partner logic 
functions, and any output files from any of the foregoing 
(including device programming or simulation files), and any 
associated documentation or information are expressly subject 
to the terms and conditions of the Intel Program License 
Subscription Agreement, the Intel Quartus Prime License Agreement,
the Intel MegaCore Function License Agreement, or other 
applicable license agreement, including, without limitation, 
that your use is for the sole purpose of programming logic 
devices manufactured by Intel and sold by Intel or its 
authorized distributors.  Please refer to the applicable 
agreement for further details.



+----------------------------------------------------------------------------------+
; Analysis & Synthesis Summary                                                     ;
+------------------------------------+---------------------------------------------+
; Analysis & Synthesis Status        ; Successful - Tue Jun 06 16:46:34 2017       ;
; Quartus Prime Version              ; 16.1.0 Build 196 10/24/2016 SJ Lite Edition ;
; Revision Name                      ; v2                                          ;
; Top-level Entity Name              ; KSG128                                      ;
; Family                             ; Cyclone IV E                                ;
; Total logic elements               ; 64                                          ;
;     Total combinational functions  ; 64                                          ;
;     Dedicated logic registers      ; 0                                           ;
; Total registers                    ; 0                                           ;
; Total pins                         ; 325                                         ;
; Total virtual pins                 ; 0                                           ;
; Total memory bits                  ; 0                                           ;
; Embedded Multiplier 9-bit elements ; 0                                           ;
; Total PLLs                         ; 0                                           ;
+------------------------------------+---------------------------------------------+


+----------------------------------------------------------------------------------------------------------------------+
; Analysis & Synthesis Settings                                                                                        ;
+----------------------------------------------------------------------------+--------------------+--------------------+
; Option                                                                     ; Setting            ; Default Value      ;
+----------------------------------------------------------------------------+--------------------+--------------------+
; Device                                                                     ; EP4CE6E22C8        ;                    ;
; Top-level entity name                                                      ; KSG128             ; v2                 ;
; Family name                                                                ; Cyclone IV E       ; Cyclone V          ;
; Use smart compilation                                                      ; Off                ; Off                ;
; Enable parallel Assembler and TimeQuest Timing Analyzer during compilation ; On                 ; On                 ;
; Enable compact report table                                                ; Off                ; Off                ;
; Restructure Multiplexers                                                   ; Auto               ; Auto               ;
; Create Debugging Nodes for IP Cores                                        ; Off                ; Off                ;
; Preserve fewer node names                                                  ; On                 ; On                 ;
; OpenCore Plus hardware evaluation                                          ; Enable             ; Enable             ;
; Verilog Version                                                            ; Verilog_2001       ; Verilog_2001       ;
; VHDL Version                                                               ; VHDL_1993          ; VHDL_1993          ;
; State Machine Processing                                                   ; Auto               ; Auto               ;
; Safe State Machine                                                         ; Off                ; Off                ;
; Extract Verilog State Machines                                             ; On                 ; On                 ;
; Extract VHDL State Machines                                                ; On                 ; On                 ;
; Ignore Verilog initial constructs                                          ; Off                ; Off                ;
; Iteration limit for constant Verilog loops                                 ; 5000               ; 5000               ;
; Iteration limit for non-constant Verilog loops                             ; 250                ; 250                ;
; Add Pass-Through Logic to Inferred RAMs                                    ; On                 ; On                 ;
; Infer RAMs from Raw Logic                                                  ; On                 ; On                 ;
; Parallel Synthesis                                                         ; On                 ; On                 ;
; DSP Block Balancing                                                        ; Auto               ; Auto               ;
; NOT Gate Push-Back                                                         ; On                 ; On                 ;
; Power-Up Don't Care                                                        ; On                 ; On                 ;
; Remove Redundant Logic Cells                                               ; Off                ; Off                ;
; Remove Duplicate Registers                                                 ; On                 ; On                 ;
; Ignore CARRY Buffers                                                       ; Off                ; Off                ;
; Ignore CASCADE Buffers                                                     ; Off                ; Off                ;
; Ignore GLOBAL Buffers                                                      ; Off                ; Off                ;
; Ignore ROW GLOBAL Buffers                                                  ; Off                ; Off                ;
; Ignore LCELL Buffers                                                       ; Off                ; Off                ;
; Ignore SOFT Buffers                                                        ; On                 ; On                 ;
; Limit AHDL Integers to 32 Bits                                             ; Off                ; Off                ;
; Optimization Technique                                                     ; Balanced           ; Balanced           ;
; Carry Chain Length                                                         ; 70                 ; 70                 ;
; Auto Carry Chains                                                          ; On                 ; On                 ;
; Auto Open-Drain Pins                                                       ; On                 ; On                 ;
; Perform WYSIWYG Primitive Resynthesis                                      ; Off                ; Off                ;
; Auto ROM Replacement                                                       ; On                 ; On                 ;
; Auto RAM Replacement                                                       ; On                 ; On                 ;
; Auto DSP Block Replacement                                                 ; On                 ; On                 ;
; Auto Shift Register Replacement                                            ; Auto               ; Auto               ;
; Allow Shift Register Merging across Hierarchies                            ; Auto               ; Auto               ;
; Auto Clock Enable Replacement                                              ; On                 ; On                 ;
; Strict RAM Replacement                                                     ; Off                ; Off                ;
; Allow Synchronous Control Signals                                          ; On                 ; On                 ;
; Force Use of Synchronous Clear Signals                                     ; Off                ; Off                ;
; Auto RAM Block Balancing                                                   ; On                 ; On                 ;
; Auto RAM to Logic Cell Conversion                                          ; Off                ; Off                ;
; Auto Resource Sharing                                                      ; Off                ; Off                ;
; Allow Any RAM Size For Recognition                                         ; Off                ; Off                ;
; Allow Any ROM Size For Recognition                                         ; Off                ; Off                ;
; Allow Any Shift Register Size For Recognition                              ; Off                ; Off                ;
; Use LogicLock Constraints during Resource Balancing                        ; On                 ; On                 ;
; Ignore translate_off and synthesis_off directives                          ; Off                ; Off                ;
; Timing-Driven Synthesis                                                    ; On                 ; On                 ;
; Report Parameter Settings                                                  ; On                 ; On                 ;
; Report Source Assignments                                                  ; On                 ; On                 ;
; Report Connectivity Checks                                                 ; On                 ; On                 ;
; Ignore Maximum Fan-Out Assignments                                         ; Off                ; Off                ;
; Synchronization Register Chain Length                                      ; 2                  ; 2                  ;
; PowerPlay Power Optimization During Synthesis                              ; Normal compilation ; Normal compilation ;
; HDL message level                                                          ; Level2             ; Level2             ;
; Suppress Register Optimization Related Messages                            ; Off                ; Off                ;
; Number of Removed Registers Reported in Synthesis Report                   ; 5000               ; 5000               ;
; Number of Swept Nodes Reported in Synthesis Report                         ; 5000               ; 5000               ;
; Number of Inverted Registers Reported in Synthesis Report                  ; 100                ; 100                ;
; Clock MUX Protection                                                       ; On                 ; On                 ;
; Auto Gated Clock Conversion                                                ; Off                ; Off                ;
; Block Design Naming                                                        ; Auto               ; Auto               ;
; SDC constraint protection                                                  ; Off                ; Off                ;
; Synthesis Effort                                                           ; Auto               ; Auto               ;
; Shift Register Replacement - Allow Asynchronous Clear Signal               ; On                 ; On                 ;
; Pre-Mapping Resynthesis Optimization                                       ; Off                ; Off                ;
; Analysis & Synthesis Message Level                                         ; Medium             ; Medium             ;
; Disable Register Merging Across Hierarchies                                ; Auto               ; Auto               ;
; Resource Aware Inference For Block RAM                                     ; On                 ; On                 ;
+----------------------------------------------------------------------------+--------------------+--------------------+


+------------------------------------------+
; Parallel Compilation                     ;
+----------------------------+-------------+
; Processors                 ; Number      ;
+----------------------------+-------------+
; Number detected on machine ; 24          ;
; Maximum allowed            ; 12          ;
;                            ;             ;
; Average used               ; 1.00        ;
; Maximum used               ; 1           ;
;                            ;             ;
; Usage by Processor         ; % Time Used ;
;     Processor 1            ; 100.0%      ;
+----------------------------+-------------+


+-------------------------------------------------------------------------------------------------------------------------------------+
; Analysis & Synthesis Source Files Read                                                                                              ;
+----------------------------------+-----------------+-----------------+----------------------------------------------------+---------+
; File Name with User-Entered Path ; Used in Netlist ; File Type       ; File Name with Absolute Path                       ; Library ;
+----------------------------------+-----------------+-----------------+----------------------------------------------------+---------+
; ACORN/KSG128.vhd                 ; yes             ; User VHDL File  ; E:/MUC/FPGACOMMEXAMPLE_01.06.2017/ACORN/KSG128.vhd ;         ;
+----------------------------------+-----------------+-----------------+----------------------------------------------------+---------+


+------------------------------------------------------------+
; Analysis & Synthesis Resource Usage Summary                ;
+---------------------------------------------+--------------+
; Resource                                    ; Usage        ;
+---------------------------------------------+--------------+
; Estimated Total logic elements              ; 64           ;
;                                             ;              ;
; Total combinational functions               ; 64           ;
; Logic element usage by number of LUT inputs ;              ;
;     -- 4 input functions                    ; 64           ;
;     -- 3 input functions                    ; 0            ;
;     -- <=2 input functions                  ; 0            ;
;                                             ;              ;
; Logic elements by mode                      ;              ;
;     -- normal mode                          ; 64           ;
;     -- arithmetic mode                      ; 0            ;
;                                             ;              ;
; Total registers                             ; 0            ;
;     -- Dedicated logic registers            ; 0            ;
;     -- I/O registers                        ; 0            ;
;                                             ;              ;
; I/O pins                                    ; 325          ;
;                                             ;              ;
; Embedded Multiplier 9-bit elements          ; 0            ;
;                                             ;              ;
; Maximum fan-out node                        ; S[235]~input ;
; Maximum fan-out                             ; 2            ;
; Total fan-out                               ; 613          ;
; Average fan-out                             ; 0.86         ;
+---------------------------------------------+--------------+


+----------------------------------------------------------------------------------------------------------------------------------------------------------------------------------------------------------+
; Analysis & Synthesis Resource Utilization by Entity                                                                                                                                                      ;
+----------------------------+---------------------+---------------------------+-------------+--------------+---------+-----------+------+--------------+---------------------+-------------+--------------+
; Compilation Hierarchy Node ; Combinational ALUTs ; Dedicated Logic Registers ; Memory Bits ; DSP Elements ; DSP 9x9 ; DSP 18x18 ; Pins ; Virtual Pins ; Full Hierarchy Name ; Entity Name ; Library Name ;
+----------------------------+---------------------+---------------------------+-------------+--------------+---------+-----------+------+--------------+---------------------+-------------+--------------+
; |KSG128                    ; 64 (64)             ; 0 (0)                     ; 0           ; 0            ; 0       ; 0         ; 325  ; 0            ; |KSG128             ; KSG128      ; work         ;
+----------------------------+---------------------+---------------------------+-------------+--------------+---------+-----------+------+--------------+---------------------+-------------+--------------+
Note: For table entries with two numbers listed, the numbers in parentheses indicate the number of resources of the given type used by the specific entity alone. The numbers listed outside of parentheses indicate the total resources of the given type used by the specific entity and all of its sub-entities in the hierarchy.


+------------------------------------------------------+
; General Register Statistics                          ;
+----------------------------------------------+-------+
; Statistic                                    ; Value ;
+----------------------------------------------+-------+
; Total registers                              ; 0     ;
; Number of registers using Synchronous Clear  ; 0     ;
; Number of registers using Synchronous Load   ; 0     ;
; Number of registers using Asynchronous Clear ; 0     ;
; Number of registers using Asynchronous Load  ; 0     ;
; Number of registers using Clock Enable       ; 0     ;
; Number of registers using Preset             ; 0     ;
+----------------------------------------------+-------+


+-----------------------------------------------------+
; Post-Synthesis Netlist Statistics for Top Partition ;
+-----------------------+-----------------------------+
; Type                  ; Count                       ;
+-----------------------+-----------------------------+
; boundary_port         ; 325                         ;
; cycloneiii_lcell_comb ; 64                          ;
;     normal            ; 64                          ;
;         4 data inputs ; 64                          ;
;                       ;                             ;
; Max LUT depth         ; 2.00                        ;
; Average LUT depth     ; 1.82                        ;
+-----------------------+-----------------------------+


+-------------------------------+
; Elapsed Time Per Partition    ;
+----------------+--------------+
; Partition Name ; Elapsed Time ;
+----------------+--------------+
; Top            ; 00:00:00     ;
+----------------+--------------+


+-------------------------------+
; Analysis & Synthesis Messages ;
+-------------------------------+
Info: *******************************************************************
Info: Running Quartus Prime Analysis & Synthesis
    Info: Version 16.1.0 Build 196 10/24/2016 SJ Lite Edition
    Info: Processing started: Tue Jun 06 16:46:20 2017
Info: Command: quartus_map --read_settings_files=on --write_settings_files=off FPGACOMMEXAMPLE -c v2
Warning (18236): Number of processors has not been specified which may cause overloading on shared machines.  Set the global assignment NUM_PARALLEL_PROCESSORS in your QSF to an appropriate value for best performance.
Info (20030): Parallel compilation is enabled and will use 12 of the 12 processors detected
Info (12021): Found 2 design units, including 1 entities, in source file rs232_transmitter.vhd
    Info (12022): Found design unit 1: RS232_TRANSMITTER-RS232_RS232_TRANSMITTER File: E:/MUC/FPGACOMMEXAMPLE_01.06.2017/RS232_TRANSMITTER.vhd Line: 28
    Info (12023): Found entity 1: RS232_TRANSMITTER File: E:/MUC/FPGACOMMEXAMPLE_01.06.2017/RS232_TRANSMITTER.vhd Line: 17
Info (12021): Found 2 design units, including 1 entities, in source file rs232_standard_interface.vhd
    Info (12022): Found design unit 1: RS232_STANDARD_INTERFACE-RS232_STANDARD_INTERFACE_ARCH File: E:/MUC/FPGACOMMEXAMPLE_01.06.2017/RS232_STANDARD_INTERFACE.vhd Line: 29
    Info (12023): Found entity 1: RS232_STANDARD_INTERFACE File: E:/MUC/FPGACOMMEXAMPLE_01.06.2017/RS232_STANDARD_INTERFACE.vhd Line: 13
Info (12021): Found 2 design units, including 1 entities, in source file rs232_receiver.vhd
    Info (12022): Found design unit 1: RS232_RECEIVER-RS232_RECEIVER_ARCH File: E:/MUC/FPGACOMMEXAMPLE_01.06.2017/RS232_RECEIVER.vhd Line: 27
    Info (12023): Found entity 1: RS232_RECEIVER File: E:/MUC/FPGACOMMEXAMPLE_01.06.2017/RS232_RECEIVER.vhd Line: 17
Info (12021): Found 2 design units, including 1 entities, in source file rs232_memory.vhd
    Info (12022): Found design unit 1: RS232_MEMORY-RS232_MEMORY_ARCH File: E:/MUC/FPGACOMMEXAMPLE_01.06.2017/RS232_MEMORY.vhd Line: 29
    Info (12023): Found entity 1: RS232_MEMORY File: E:/MUC/FPGACOMMEXAMPLE_01.06.2017/RS232_MEMORY.vhd Line: 17
Info (12021): Found 1 design units, including 0 entities, in source file rs232_interface_pkg.vhd
    Info (12022): Found design unit 1: RS232_INTERFACE_PKG File: E:/MUC/FPGACOMMEXAMPLE_01.06.2017/RS232_INTERFACE_PKG.vhd Line: 13
Info (12021): Found 2 design units, including 1 entities, in source file rs232_interface.vhd
    Info (12022): Found design unit 1: RS232_INTERFACE-RS232_INTERFACE_ARCH File: E:/MUC/FPGACOMMEXAMPLE_01.06.2017/RS232_INTERFACE.vhd Line: 33
    Info (12023): Found entity 1: RS232_INTERFACE File: E:/MUC/FPGACOMMEXAMPLE_01.06.2017/RS232_INTERFACE.vhd Line: 17
Info (12021): Found 2 design units, including 1 entities, in source file fpga.vhd
    Info (12022): Found design unit 1: FPGA-FPGA_ARCH File: E:/MUC/FPGACOMMEXAMPLE_01.06.2017/FPGA.vhd Line: 23
    Info (12023): Found entity 1: FPGA File: E:/MUC/FPGACOMMEXAMPLE_01.06.2017/FPGA.vhd Line: 16
Info (12021): Found 2 design units, including 1 entities, in source file example.vhd
    Info (12022): Found design unit 1: EXAMPLE-EXAMPLE_ARCH File: E:/MUC/FPGACOMMEXAMPLE_01.06.2017/EXAMPLE.vhd Line: 25
    Info (12023): Found entity 1: EXAMPLE File: E:/MUC/FPGACOMMEXAMPLE_01.06.2017/EXAMPLE.vhd Line: 13
Info (12021): Found 2 design units, including 1 entities, in source file command_control.vhd
    Info (12022): Found design unit 1: COMMAND_CONTROL-COMMAND_CONTROL_ARCH File: E:/MUC/FPGACOMMEXAMPLE_01.06.2017/COMMAND_CONTROL.vhd Line: 32
    Info (12023): Found entity 1: COMMAND_CONTROL File: E:/MUC/FPGACOMMEXAMPLE_01.06.2017/COMMAND_CONTROL.vhd Line: 13
Info (12021): Found 2 design units, including 1 entities, in source file bintoascii.vhd
    Info (12022): Found design unit 1: BINTOASCII-BINTOASCII_ARCH File: E:/MUC/FPGACOMMEXAMPLE_01.06.2017/BINTOASCII.vhd Line: 21
    Info (12023): Found entity 1: BINTOASCII File: E:/MUC/FPGACOMMEXAMPLE_01.06.2017/BINTOASCII.vhd Line: 13
Info (12021): Found 2 design units, including 1 entities, in source file asciitobin.vhd
    Info (12022): Found design unit 1: ASCIITOBIN-ASCIITOBIN_ARCH File: E:/MUC/FPGACOMMEXAMPLE_01.06.2017/ASCIITOBIN.vhd Line: 21
    Info (12023): Found entity 1: ASCIITOBIN File: E:/MUC/FPGACOMMEXAMPLE_01.06.2017/ASCIITOBIN.vhd Line: 13
Info (12021): Found 1 design units, including 1 entities, in source file acorn/acorn_coprocesor.bdf
    Info (12023): Found entity 1: acorn_coprocesor
Info (12021): Found 2 design units, including 1 entities, in source file acorn/state.vhd
    Info (12022): Found design unit 1: state-A1 File: E:/MUC/FPGACOMMEXAMPLE_01.06.2017/ACORN/state.vhd Line: 17
    Info (12023): Found entity 1: state File: E:/MUC/FPGACOMMEXAMPLE_01.06.2017/ACORN/state.vhd Line: 6
Info (12021): Found 2 design units, including 1 entities, in source file acorn/fbk128.vhd
    Info (12022): Found design unit 1: FBK128-A1 File: E:/MUC/FPGACOMMEXAMPLE_01.06.2017/ACORN/FBK128.vhd Line: 17
    Info (12023): Found entity 1: FBK128 File: E:/MUC/FPGACOMMEXAMPLE_01.06.2017/ACORN/FBK128.vhd Line: 6
Info (12021): Found 2 design units, including 1 entities, in source file acorn/ksg128.vhd
    Info (12022): Found design unit 1: KSG128-A1 File: E:/MUC/FPGACOMMEXAMPLE_01.06.2017/ACORN/KSG128.vhd Line: 13
    Info (12023): Found entity 1: KSG128 File: E:/MUC/FPGACOMMEXAMPLE_01.06.2017/ACORN/KSG128.vhd Line: 6
Info (12021): Found 2 design units, including 1 entities, in source file acorn/memory.vhd
    Info (12022): Found design unit 1: memory-A1 File: E:/MUC/FPGACOMMEXAMPLE_01.06.2017/ACORN/memory.vhd Line: 29
    Info (12023): Found entity 1: memory File: E:/MUC/FPGACOMMEXAMPLE_01.06.2017/ACORN/memory.vhd Line: 13
Info (12021): Found 2 design units, including 1 entities, in source file acorn/controller.vhd
    Info (12022): Found design unit 1: controller-A1 File: E:/MUC/FPGACOMMEXAMPLE_01.06.2017/ACORN/controller.vhd Line: 39
    Info (12023): Found entity 1: controller File: E:/MUC/FPGACOMMEXAMPLE_01.06.2017/ACORN/controller.vhd Line: 6
Info (12021): Found 2 design units, including 1 entities, in source file acorn/m.vhd
    Info (12022): Found design unit 1: m-A1 File: E:/MUC/FPGACOMMEXAMPLE_01.06.2017/ACORN/m.vhd Line: 16
    Info (12023): Found entity 1: m File: E:/MUC/FPGACOMMEXAMPLE_01.06.2017/ACORN/m.vhd Line: 6
Info (12021): Found 2 design units, including 1 entities, in source file acorn/status_multiplexer.vhd
    Info (12022): Found design unit 1: status_multiplexer-A1 File: E:/MUC/FPGACOMMEXAMPLE_01.06.2017/ACORN/status_multiplexer.vhd Line: 16
    Info (12023): Found entity 1: status_multiplexer File: E:/MUC/FPGACOMMEXAMPLE_01.06.2017/ACORN/status_multiplexer.vhd Line: 6
Info (12021): Found 2 design units, including 1 entities, in source file acorn/token_checker.vhd
    Info (12022): Found design unit 1: token_checker-A1 File: E:/MUC/FPGACOMMEXAMPLE_01.06.2017/ACORN/token_checker.vhd Line: 13
    Info (12023): Found entity 1: token_checker File: E:/MUC/FPGACOMMEXAMPLE_01.06.2017/ACORN/token_checker.vhd Line: 6
Info (12021): Found 2 design units, including 1 entities, in source file acorn/add_one.vhd
    Info (12022): Found design unit 1: add_one-A1 File: E:/MUC/FPGACOMMEXAMPLE_01.06.2017/ACORN/add_one.vhd Line: 15
    Info (12023): Found entity 1: add_one File: E:/MUC/FPGACOMMEXAMPLE_01.06.2017/ACORN/add_one.vhd Line: 6
Info (12127): Elaborating entity "KSG128" for the top level hierarchy
Info (286030): Timing-Driven Synthesis is running
Info (16010): Generating hard_block partition "hard_block:auto_generated_inst"
    Info (16011): Adding 0 node(s), including 0 DDIO, 0 PLL, 0 transceiver and 0 LCELL
Warning (21074): Design contains 123 input pin(s) that do not drive logic
    Warning (15610): No output dependent on input pin "S[0]" File: E:/MUC/FPGACOMMEXAMPLE_01.06.2017/ACORN/KSG128.vhd Line: 8
    Warning (15610): No output dependent on input pin "S[1]" File: E:/MUC/FPGACOMMEXAMPLE_01.06.2017/ACORN/KSG128.vhd Line: 8
    Warning (15610): No output dependent on input pin "S[2]" File: E:/MUC/FPGACOMMEXAMPLE_01.06.2017/ACORN/KSG128.vhd Line: 8
    Warning (15610): No output dependent on input pin "S[3]" File: E:/MUC/FPGACOMMEXAMPLE_01.06.2017/ACORN/KSG128.vhd Line: 8
    Warning (15610): No output dependent on input pin "S[4]" File: E:/MUC/FPGACOMMEXAMPLE_01.06.2017/ACORN/KSG128.vhd Line: 8
    Warning (15610): No output dependent on input pin "S[5]" File: E:/MUC/FPGACOMMEXAMPLE_01.06.2017/ACORN/KSG128.vhd Line: 8
    Warning (15610): No output dependent on input pin "S[6]" File: E:/MUC/FPGACOMMEXAMPLE_01.06.2017/ACORN/KSG128.vhd Line: 8
    Warning (15610): No output dependent on input pin "S[7]" File: E:/MUC/FPGACOMMEXAMPLE_01.06.2017/ACORN/KSG128.vhd Line: 8
    Warning (15610): No output dependent on input pin "S[8]" File: E:/MUC/FPGACOMMEXAMPLE_01.06.2017/ACORN/KSG128.vhd Line: 8
    Warning (15610): No output dependent on input pin "S[9]" File: E:/MUC/FPGACOMMEXAMPLE_01.06.2017/ACORN/KSG128.vhd Line: 8
    Warning (15610): No output dependent on input pin "S[10]" File: E:/MUC/FPGACOMMEXAMPLE_01.06.2017/ACORN/KSG128.vhd Line: 8
    Warning (15610): No output dependent on input pin "S[11]" File: E:/MUC/FPGACOMMEXAMPLE_01.06.2017/ACORN/KSG128.vhd Line: 8
    Warning (15610): No output dependent on input pin "S[44]" File: E:/MUC/FPGACOMMEXAMPLE_01.06.2017/ACORN/KSG128.vhd Line: 8
    Warning (15610): No output dependent on input pin "S[45]" File: E:/MUC/FPGACOMMEXAMPLE_01.06.2017/ACORN/KSG128.vhd Line: 8
    Warning (15610): No output dependent on input pin "S[46]" File: E:/MUC/FPGACOMMEXAMPLE_01.06.2017/ACORN/KSG128.vhd Line: 8
    Warning (15610): No output dependent on input pin "S[47]" File: E:/MUC/FPGACOMMEXAMPLE_01.06.2017/ACORN/KSG128.vhd Line: 8
    Warning (15610): No output dependent on input pin "S[48]" File: E:/MUC/FPGACOMMEXAMPLE_01.06.2017/ACORN/KSG128.vhd Line: 8
    Warning (15610): No output dependent on input pin "S[49]" File: E:/MUC/FPGACOMMEXAMPLE_01.06.2017/ACORN/KSG128.vhd Line: 8
    Warning (15610): No output dependent on input pin "S[50]" File: E:/MUC/FPGACOMMEXAMPLE_01.06.2017/ACORN/KSG128.vhd Line: 8
    Warning (15610): No output dependent on input pin "S[51]" File: E:/MUC/FPGACOMMEXAMPLE_01.06.2017/ACORN/KSG128.vhd Line: 8
    Warning (15610): No output dependent on input pin "S[52]" File: E:/MUC/FPGACOMMEXAMPLE_01.06.2017/ACORN/KSG128.vhd Line: 8
    Warning (15610): No output dependent on input pin "S[53]" File: E:/MUC/FPGACOMMEXAMPLE_01.06.2017/ACORN/KSG128.vhd Line: 8
    Warning (15610): No output dependent on input pin "S[54]" File: E:/MUC/FPGACOMMEXAMPLE_01.06.2017/ACORN/KSG128.vhd Line: 8
    Warning (15610): No output dependent on input pin "S[55]" File: E:/MUC/FPGACOMMEXAMPLE_01.06.2017/ACORN/KSG128.vhd Line: 8
    Warning (15610): No output dependent on input pin "S[56]" File: E:/MUC/FPGACOMMEXAMPLE_01.06.2017/ACORN/KSG128.vhd Line: 8
    Warning (15610): No output dependent on input pin "S[57]" File: E:/MUC/FPGACOMMEXAMPLE_01.06.2017/ACORN/KSG128.vhd Line: 8
    Warning (15610): No output dependent on input pin "S[58]" File: E:/MUC/FPGACOMMEXAMPLE_01.06.2017/ACORN/KSG128.vhd Line: 8
    Warning (15610): No output dependent on input pin "S[59]" File: E:/MUC/FPGACOMMEXAMPLE_01.06.2017/ACORN/KSG128.vhd Line: 8
    Warning (15610): No output dependent on input pin "S[60]" File: E:/MUC/FPGACOMMEXAMPLE_01.06.2017/ACORN/KSG128.vhd Line: 8
    Warning (15610): No output dependent on input pin "S[98]" File: E:/MUC/FPGACOMMEXAMPLE_01.06.2017/ACORN/KSG128.vhd Line: 8
    Warning (15610): No output dependent on input pin "S[99]" File: E:/MUC/FPGACOMMEXAMPLE_01.06.2017/ACORN/KSG128.vhd Line: 8
    Warning (15610): No output dependent on input pin "S[100]" File: E:/MUC/FPGACOMMEXAMPLE_01.06.2017/ACORN/KSG128.vhd Line: 8
    Warning (15610): No output dependent on input pin "S[101]" File: E:/MUC/FPGACOMMEXAMPLE_01.06.2017/ACORN/KSG128.vhd Line: 8
    Warning (15610): No output dependent on input pin "S[102]" File: E:/MUC/FPGACOMMEXAMPLE_01.06.2017/ACORN/KSG128.vhd Line: 8
    Warning (15610): No output dependent on input pin "S[103]" File: E:/MUC/FPGACOMMEXAMPLE_01.06.2017/ACORN/KSG128.vhd Line: 8
    Warning (15610): No output dependent on input pin "S[104]" File: E:/MUC/FPGACOMMEXAMPLE_01.06.2017/ACORN/KSG128.vhd Line: 8
    Warning (15610): No output dependent on input pin "S[105]" File: E:/MUC/FPGACOMMEXAMPLE_01.06.2017/ACORN/KSG128.vhd Line: 8
    Warning (15610): No output dependent on input pin "S[106]" File: E:/MUC/FPGACOMMEXAMPLE_01.06.2017/ACORN/KSG128.vhd Line: 8
    Warning (15610): No output dependent on input pin "S[107]" File: E:/MUC/FPGACOMMEXAMPLE_01.06.2017/ACORN/KSG128.vhd Line: 8
    Warning (15610): No output dependent on input pin "S[108]" File: E:/MUC/FPGACOMMEXAMPLE_01.06.2017/ACORN/KSG128.vhd Line: 8
    Warning (15610): No output dependent on input pin "S[109]" File: E:/MUC/FPGACOMMEXAMPLE_01.06.2017/ACORN/KSG128.vhd Line: 8
    Warning (15610): No output dependent on input pin "S[110]" File: E:/MUC/FPGACOMMEXAMPLE_01.06.2017/ACORN/KSG128.vhd Line: 8
    Warning (15610): No output dependent on input pin "S[143]" File: E:/MUC/FPGACOMMEXAMPLE_01.06.2017/ACORN/KSG128.vhd Line: 8
    Warning (15610): No output dependent on input pin "S[144]" File: E:/MUC/FPGACOMMEXAMPLE_01.06.2017/ACORN/KSG128.vhd Line: 8
    Warning (15610): No output dependent on input pin "S[145]" File: E:/MUC/FPGACOMMEXAMPLE_01.06.2017/ACORN/KSG128.vhd Line: 8
    Warning (15610): No output dependent on input pin "S[146]" File: E:/MUC/FPGACOMMEXAMPLE_01.06.2017/ACORN/KSG128.vhd Line: 8
    Warning (15610): No output dependent on input pin "S[147]" File: E:/MUC/FPGACOMMEXAMPLE_01.06.2017/ACORN/KSG128.vhd Line: 8
    Warning (15610): No output dependent on input pin "S[148]" File: E:/MUC/FPGACOMMEXAMPLE_01.06.2017/ACORN/KSG128.vhd Line: 8
    Warning (15610): No output dependent on input pin "S[149]" File: E:/MUC/FPGACOMMEXAMPLE_01.06.2017/ACORN/KSG128.vhd Line: 8
    Warning (15610): No output dependent on input pin "S[150]" File: E:/MUC/FPGACOMMEXAMPLE_01.06.2017/ACORN/KSG128.vhd Line: 8
    Warning (15610): No output dependent on input pin "S[151]" File: E:/MUC/FPGACOMMEXAMPLE_01.06.2017/ACORN/KSG128.vhd Line: 8
    Warning (15610): No output dependent on input pin "S[152]" File: E:/MUC/FPGACOMMEXAMPLE_01.06.2017/ACORN/KSG128.vhd Line: 8
    Warning (15610): No output dependent on input pin "S[153]" File: E:/MUC/FPGACOMMEXAMPLE_01.06.2017/ACORN/KSG128.vhd Line: 8
    Warning (15610): No output dependent on input pin "S[186]" File: E:/MUC/FPGACOMMEXAMPLE_01.06.2017/ACORN/KSG128.vhd Line: 8
    Warning (15610): No output dependent on input pin "S[187]" File: E:/MUC/FPGACOMMEXAMPLE_01.06.2017/ACORN/KSG128.vhd Line: 8
    Warning (15610): No output dependent on input pin "S[188]" File: E:/MUC/FPGACOMMEXAMPLE_01.06.2017/ACORN/KSG128.vhd Line: 8
    Warning (15610): No output dependent on input pin "S[189]" File: E:/MUC/FPGACOMMEXAMPLE_01.06.2017/ACORN/KSG128.vhd Line: 8
    Warning (15610): No output dependent on input pin "S[190]" File: E:/MUC/FPGACOMMEXAMPLE_01.06.2017/ACORN/KSG128.vhd Line: 8
    Warning (15610): No output dependent on input pin "S[191]" File: E:/MUC/FPGACOMMEXAMPLE_01.06.2017/ACORN/KSG128.vhd Line: 8
    Warning (15610): No output dependent on input pin "S[192]" File: E:/MUC/FPGACOMMEXAMPLE_01.06.2017/ACORN/KSG128.vhd Line: 8
    Warning (15610): No output dependent on input pin "S[193]" File: E:/MUC/FPGACOMMEXAMPLE_01.06.2017/ACORN/KSG128.vhd Line: 8
    Warning (15610): No output dependent on input pin "S[194]" File: E:/MUC/FPGACOMMEXAMPLE_01.06.2017/ACORN/KSG128.vhd Line: 8
    Warning (15610): No output dependent on input pin "S[195]" File: E:/MUC/FPGACOMMEXAMPLE_01.06.2017/ACORN/KSG128.vhd Line: 8
    Warning (15610): No output dependent on input pin "S[196]" File: E:/MUC/FPGACOMMEXAMPLE_01.06.2017/ACORN/KSG128.vhd Line: 8
    Warning (15610): No output dependent on input pin "S[197]" File: E:/MUC/FPGACOMMEXAMPLE_01.06.2017/ACORN/KSG128.vhd Line: 8
    Warning (15610): No output dependent on input pin "S[198]" File: E:/MUC/FPGACOMMEXAMPLE_01.06.2017/ACORN/KSG128.vhd Line: 8
    Warning (15610): No output dependent on input pin "S[199]" File: E:/MUC/FPGACOMMEXAMPLE_01.06.2017/ACORN/KSG128.vhd Line: 8
    Warning (15610): No output dependent on input pin "S[200]" File: E:/MUC/FPGACOMMEXAMPLE_01.06.2017/ACORN/KSG128.vhd Line: 8
    Warning (15610): No output dependent on input pin "S[201]" File: E:/MUC/FPGACOMMEXAMPLE_01.06.2017/ACORN/KSG128.vhd Line: 8
    Warning (15610): No output dependent on input pin "S[202]" File: E:/MUC/FPGACOMMEXAMPLE_01.06.2017/ACORN/KSG128.vhd Line: 8
    Warning (15610): No output dependent on input pin "S[203]" File: E:/MUC/FPGACOMMEXAMPLE_01.06.2017/ACORN/KSG128.vhd Line: 8
    Warning (15610): No output dependent on input pin "S[204]" File: E:/MUC/FPGACOMMEXAMPLE_01.06.2017/ACORN/KSG128.vhd Line: 8
    Warning (15610): No output dependent on input pin "S[205]" File: E:/MUC/FPGACOMMEXAMPLE_01.06.2017/ACORN/KSG128.vhd Line: 8
    Warning (15610): No output dependent on input pin "S[206]" File: E:/MUC/FPGACOMMEXAMPLE_01.06.2017/ACORN/KSG128.vhd Line: 8
    Warning (15610): No output dependent on input pin "S[207]" File: E:/MUC/FPGACOMMEXAMPLE_01.06.2017/ACORN/KSG128.vhd Line: 8
    Warning (15610): No output dependent on input pin "S[208]" File: E:/MUC/FPGACOMMEXAMPLE_01.06.2017/ACORN/KSG128.vhd Line: 8
    Warning (15610): No output dependent on input pin "S[209]" File: E:/MUC/FPGACOMMEXAMPLE_01.06.2017/ACORN/KSG128.vhd Line: 8
    Warning (15610): No output dependent on input pin "S[210]" File: E:/MUC/FPGACOMMEXAMPLE_01.06.2017/ACORN/KSG128.vhd Line: 8
    Warning (15610): No output dependent on input pin "S[211]" File: E:/MUC/FPGACOMMEXAMPLE_01.06.2017/ACORN/KSG128.vhd Line: 8
    Warning (15610): No output dependent on input pin "S[212]" File: E:/MUC/FPGACOMMEXAMPLE_01.06.2017/ACORN/KSG128.vhd Line: 8
    Warning (15610): No output dependent on input pin "S[213]" File: E:/MUC/FPGACOMMEXAMPLE_01.06.2017/ACORN/KSG128.vhd Line: 8
    Warning (15610): No output dependent on input pin "S[214]" File: E:/MUC/FPGACOMMEXAMPLE_01.06.2017/ACORN/KSG128.vhd Line: 8
    Warning (15610): No output dependent on input pin "S[215]" File: E:/MUC/FPGACOMMEXAMPLE_01.06.2017/ACORN/KSG128.vhd Line: 8
    Warning (15610): No output dependent on input pin "S[216]" File: E:/MUC/FPGACOMMEXAMPLE_01.06.2017/ACORN/KSG128.vhd Line: 8
    Warning (15610): No output dependent on input pin "S[217]" File: E:/MUC/FPGACOMMEXAMPLE_01.06.2017/ACORN/KSG128.vhd Line: 8
    Warning (15610): No output dependent on input pin "S[218]" File: E:/MUC/FPGACOMMEXAMPLE_01.06.2017/ACORN/KSG128.vhd Line: 8
    Warning (15610): No output dependent on input pin "S[219]" File: E:/MUC/FPGACOMMEXAMPLE_01.06.2017/ACORN/KSG128.vhd Line: 8
    Warning (15610): No output dependent on input pin "S[220]" File: E:/MUC/FPGACOMMEXAMPLE_01.06.2017/ACORN/KSG128.vhd Line: 8
    Warning (15610): No output dependent on input pin "S[221]" File: E:/MUC/FPGACOMMEXAMPLE_01.06.2017/ACORN/KSG128.vhd Line: 8
    Warning (15610): No output dependent on input pin "S[222]" File: E:/MUC/FPGACOMMEXAMPLE_01.06.2017/ACORN/KSG128.vhd Line: 8
    Warning (15610): No output dependent on input pin "S[223]" File: E:/MUC/FPGACOMMEXAMPLE_01.06.2017/ACORN/KSG128.vhd Line: 8
    Warning (15610): No output dependent on input pin "S[224]" File: E:/MUC/FPGACOMMEXAMPLE_01.06.2017/ACORN/KSG128.vhd Line: 8
    Warning (15610): No output dependent on input pin "S[225]" File: E:/MUC/FPGACOMMEXAMPLE_01.06.2017/ACORN/KSG128.vhd Line: 8
    Warning (15610): No output dependent on input pin "S[226]" File: E:/MUC/FPGACOMMEXAMPLE_01.06.2017/ACORN/KSG128.vhd Line: 8
    Warning (15610): No output dependent on input pin "S[227]" File: E:/MUC/FPGACOMMEXAMPLE_01.06.2017/ACORN/KSG128.vhd Line: 8
    Warning (15610): No output dependent on input pin "S[228]" File: E:/MUC/FPGACOMMEXAMPLE_01.06.2017/ACORN/KSG128.vhd Line: 8
    Warning (15610): No output dependent on input pin "S[229]" File: E:/MUC/FPGACOMMEXAMPLE_01.06.2017/ACORN/KSG128.vhd Line: 8
    Warning (15610): No output dependent on input pin "S[267]" File: E:/MUC/FPGACOMMEXAMPLE_01.06.2017/ACORN/KSG128.vhd Line: 8
    Warning (15610): No output dependent on input pin "S[268]" File: E:/MUC/FPGACOMMEXAMPLE_01.06.2017/ACORN/KSG128.vhd Line: 8
    Warning (15610): No output dependent on input pin "S[269]" File: E:/MUC/FPGACOMMEXAMPLE_01.06.2017/ACORN/KSG128.vhd Line: 8
    Warning (15610): No output dependent on input pin "S[270]" File: E:/MUC/FPGACOMMEXAMPLE_01.06.2017/ACORN/KSG128.vhd Line: 8
    Warning (15610): No output dependent on input pin "S[271]" File: E:/MUC/FPGACOMMEXAMPLE_01.06.2017/ACORN/KSG128.vhd Line: 8
    Warning (15610): No output dependent on input pin "S[272]" File: E:/MUC/FPGACOMMEXAMPLE_01.06.2017/ACORN/KSG128.vhd Line: 8
    Warning (15610): No output dependent on input pin "S[273]" File: E:/MUC/FPGACOMMEXAMPLE_01.06.2017/ACORN/KSG128.vhd Line: 8
    Warning (15610): No output dependent on input pin "S[274]" File: E:/MUC/FPGACOMMEXAMPLE_01.06.2017/ACORN/KSG128.vhd Line: 8
    Warning (15610): No output dependent on input pin "S[275]" File: E:/MUC/FPGACOMMEXAMPLE_01.06.2017/ACORN/KSG128.vhd Line: 8
    Warning (15610): No output dependent on input pin "S[276]" File: E:/MUC/FPGACOMMEXAMPLE_01.06.2017/ACORN/KSG128.vhd Line: 8
    Warning (15610): No output dependent on input pin "S[277]" File: E:/MUC/FPGACOMMEXAMPLE_01.06.2017/ACORN/KSG128.vhd Line: 8
    Warning (15610): No output dependent on input pin "S[278]" File: E:/MUC/FPGACOMMEXAMPLE_01.06.2017/ACORN/KSG128.vhd Line: 8
    Warning (15610): No output dependent on input pin "S[279]" File: E:/MUC/FPGACOMMEXAMPLE_01.06.2017/ACORN/KSG128.vhd Line: 8
    Warning (15610): No output dependent on input pin "S[280]" File: E:/MUC/FPGACOMMEXAMPLE_01.06.2017/ACORN/KSG128.vhd Line: 8
    Warning (15610): No output dependent on input pin "S[281]" File: E:/MUC/FPGACOMMEXAMPLE_01.06.2017/ACORN/KSG128.vhd Line: 8
    Warning (15610): No output dependent on input pin "S[282]" File: E:/MUC/FPGACOMMEXAMPLE_01.06.2017/ACORN/KSG128.vhd Line: 8
    Warning (15610): No output dependent on input pin "S[283]" File: E:/MUC/FPGACOMMEXAMPLE_01.06.2017/ACORN/KSG128.vhd Line: 8
    Warning (15610): No output dependent on input pin "S[284]" File: E:/MUC/FPGACOMMEXAMPLE_01.06.2017/ACORN/KSG128.vhd Line: 8
    Warning (15610): No output dependent on input pin "S[285]" File: E:/MUC/FPGACOMMEXAMPLE_01.06.2017/ACORN/KSG128.vhd Line: 8
    Warning (15610): No output dependent on input pin "S[286]" File: E:/MUC/FPGACOMMEXAMPLE_01.06.2017/ACORN/KSG128.vhd Line: 8
    Warning (15610): No output dependent on input pin "S[287]" File: E:/MUC/FPGACOMMEXAMPLE_01.06.2017/ACORN/KSG128.vhd Line: 8
    Warning (15610): No output dependent on input pin "S[288]" File: E:/MUC/FPGACOMMEXAMPLE_01.06.2017/ACORN/KSG128.vhd Line: 8
    Warning (15610): No output dependent on input pin "S[289]" File: E:/MUC/FPGACOMMEXAMPLE_01.06.2017/ACORN/KSG128.vhd Line: 8
    Warning (15610): No output dependent on input pin "S[290]" File: E:/MUC/FPGACOMMEXAMPLE_01.06.2017/ACORN/KSG128.vhd Line: 8
    Warning (15610): No output dependent on input pin "S[291]" File: E:/MUC/FPGACOMMEXAMPLE_01.06.2017/ACORN/KSG128.vhd Line: 8
    Warning (15610): No output dependent on input pin "S[292]" File: E:/MUC/FPGACOMMEXAMPLE_01.06.2017/ACORN/KSG128.vhd Line: 8
Info (21057): Implemented 389 device resources after synthesis - the final resource count might be different
    Info (21058): Implemented 293 input pins
    Info (21059): Implemented 32 output pins
    Info (21061): Implemented 64 logic cells
Info: Quartus Prime Analysis & Synthesis was successful. 0 errors, 125 warnings
    Info: Peak virtual memory: 657 megabytes
    Info: Processing ended: Tue Jun 06 16:46:34 2017
    Info: Elapsed time: 00:00:14
    Info: Total CPU time (on all processors): 00:00:32


